Arguments: 
  /usr/local/Cellar/node/12.12.0/bin/node /usr/local/Cellar/yarn/1.19.1/libexec/bin/yarn.js add tweenmax

PATH: 
  /usr/local/anaconda3/condabin:/Users/zhengzangw/.composer/vendor/bin:/Users/zhengzangw/.config/composer/vendor/bin:/usr/local/share/android-sdk/build-tools/23.0.1:/usr/local/share/android-sdk/platform-tools:/usr/local/share/android-sdk/tools:/Users/zhengzangw/.gradle/wrapper/dists/gradle-4.10.1-all/455itskqi2qtf0v2sja68alqd/gradle-4.10.1/bin:/usr/local/opt/maven/bin:/usr/local/opt/ant/bin:/Applications/MATLAB_R2018b.app/bin:/usr/local/anaconda3/bin:/Users/zhengzangw/Downloads/osx-x64:/Users/zhengzangw/Library/Python/2.7/bin:/Users/zhengzangw/Library/Python/3.7/bin:/usr/local/bin:/usr/local/sbin:/usr/bin:/bin:/usr/sbin:/sbin:/Library/TeX/texbin:/Applications/Wireshark.app/Contents/MacOS

Yarn version: 
  1.19.1

Node version: 
  12.12.0

Platform: 
  darwin x64

Trace: 
  Error: https://registry.npm.taobao.org/tweenmax: Not found
      at Request.params.callback [as _callback] (/usr/local/Cellar/yarn/1.19.1/libexec/lib/cli.js:66926:18)
      at Request.self.callback (/usr/local/Cellar/yarn/1.19.1/libexec/lib/cli.js:140564:22)
      at Request.emit (events.js:210:5)
      at Request.<anonymous> (/usr/local/Cellar/yarn/1.19.1/libexec/lib/cli.js:141536:10)
      at Request.emit (events.js:210:5)
      at IncomingMessage.<anonymous> (/usr/local/Cellar/yarn/1.19.1/libexec/lib/cli.js:141458:12)
      at Object.onceWrapper (events.js:299:28)
      at IncomingMessage.emit (events.js:215:7)
      at endReadableNT (_stream_readable.js:1183:12)
      at processTicksAndRejections (internal/process/task_queues.js:80:21)

npm manifest: 
  {
    "name": "ztyblog",
    "version": "1.0.0",
    "main": "index.js",
    "repository": "https://github.com/zhengzangw/hugo-theme-ztyblog.git",
    "author": "zhengzangw <zhengzangw@163.com>",
    "license": "MIT",
    "devDependencies": {
      "animate.css": "^3.7.2",
      "bootstrap": "^4.4.1",
      "bootswatch": "^4.4.1",
      "jquery": "^3.4.1"
    },
    "scripts": {
      "load": "sh ./load.sh"
    }
  }

yarn manifest: 
  No manifest

Lockfile: 
  # THIS IS AN AUTOGENERATED FILE. DO NOT EDIT THIS FILE DIRECTLY.
  # yarn lockfile v1
  
  
  animate.css@^3.7.2:
    version "3.7.2"
    resolved "https://registry.npm.taobao.org/animate.css/download/animate.css-3.7.2.tgz#e73e0d50e92cb1cfef1597d9b38a9481020e08ea"
    integrity sha1-5z4NUOkssc/vFZfZs4qUgQIOCOo=
  
  bootstrap@^4.4.1:
    version "4.4.1"
    resolved "https://registry.npm.taobao.org/bootstrap/download/bootstrap-4.4.1.tgz#8582960eea0c5cd2bede84d8b0baf3789c3e8b01"
    integrity sha1-hYKWDuoMXNK+3oTYsLrzeJw+iwE=
  
  bootswatch@^4.4.1:
    version "4.4.1"
    resolved "https://registry.npm.taobao.org/bootswatch/download/bootswatch-4.4.1.tgz#f270618b4ebe07de8e1748acd88f104cc31bfec3"
    integrity sha1-8nBhi06+B96OF0is2I8QTMMb/sM=
  
  jquery@^3.4.1:
    version "3.4.1"
    resolved "https://registry.npm.taobao.org/jquery/download/jquery-3.4.1.tgz#714f1f8d9dde4bdfa55764ba37ef214630d80ef2"
    integrity sha1-cU8fjZ3eS9+lV2S6N+8hRjDYDvI=
